<?xml version="1.0" encoding="UTF-8"?>
<testsuite name="IntPrinterTest" tests="1" skipped="0" failures="0" errors="0" timestamp="2020-11-05T08:23:02" hostname="brainsadminnoMacBook-Pro.local" time="0.011">
  <properties/>
  <testcase name="getIntZ()" classname="IntPrinterTest" time="0.011"/>
  <system-out><![CDATA[]]></system-out>
  <system-err><![CDATA[]]></system-err>
</testsuite>
